<?xml version="1.0" encoding="UTF-8"?>
<!-- Generated by org.testng.reporters.JUnitReportReporter -->
<testsuite skipped="0" hostname="DESKTOP-FUSV6CB" name="qaclickacademy.AppiumTest" tests="2" failures="0" timestamp="2021-02-02T23:13:52 EST" time="0.008" errors="0">
  <testcase name="nativeAPAndroid" time="0.007" classname="qaclickacademy.AppiumTest"/>
  <system-out/>
  <testcase name="IOSApps" time="0.001" classname="qaclickacademy.AppiumTest"/>
  <system-out/>
</testsuite> <!-- qaclickacademy.AppiumTest -->
